[INFO] Scanning for projects...
[INFO] 
[INFO] ------------------------< cn.zwz:school-assets >------------------------
[INFO] Building school-assets 2.0.0
[INFO]   from pom.xml
[INFO] --------------------------------[ jar ]---------------------------------
[WARNING] The artifact org.hibernate:hibernate-validator:jar:8.0.0.Final has been relocated to org.hibernate.validator:hibernate-validator:jar:8.0.0.Final
[INFO] 
[INFO] --- clean:3.2.0:clean (default-clean) @ school-assets ---
[INFO] Deleting D:\论文系统\school-assets\back\target
[INFO] 
[INFO] --- resources:3.2.0:resources (default-resources) @ school-assets ---
[INFO] Using 'UTF-8' encoding to copy filtered resources.
[INFO] Using 'UTF-8' encoding to copy filtered properties files.
[INFO] Copying 1 resource
[INFO] Copying 17 resources
[INFO] 
[INFO] --- compiler:3.10.1:compile (default-compile) @ school-assets ---
[INFO] Changes detected - recompiling the module!
[INFO] Compiling 190 source files to D:\论文系统\school-assets\back\target\classes
[INFO] ------------------------------------------------------------------------
[INFO] BUILD FAILURE
[INFO] ------------------------------------------------------------------------
[INFO] Total time:  1.504 s
[INFO] Finished at: 2025-12-08T15:54:38+08:00
[INFO] ------------------------------------------------------------------------
[ERROR] Failed to execute goal org.apache.maven.plugins:maven-compiler-plugin:3.10.1:compile (default-compile) on project school-assets: Fatal error compiling: 无效的目标发行版: 21 -> [Help 1]
[ERROR] 
[ERROR] To see the full stack trace of the errors, re-run Maven with the -e switch.
[ERROR] Re-run Maven using the -X switch to enable full debug logging.
[ERROR] 
[ERROR] For more information about the errors and possible solutions, please read the following articles:
[ERROR] [Help 1] http://cwiki.apache.org/confluence/display/MAVEN/MojoExecutionException
